# JRE version: Java(TM) SE Runtime Environment (8.0_181-b13) (build 1.8.0_181-b13)
# Java VM: Java HotSpot(TM) 64-Bit Server VM (25.181-b13 mixed mode windows-amd64 compressed oops)
Heap:
 PSYoungGen      total 287744K, used 82668K [0x00000000d5f00000, 0x00000000eb700000, 0x0000000100000000)
  eden space 270848K, 28% used [0x00000000d5f00000,0x00000000da9c8b90,0x00000000e6780000)
  from space 16896K, 36% used [0x00000000e7780000,0x00000000e7d72770,0x00000000e8800000)
  to   space 16384K, 0% used [0x00000000e6780000,0x00000000e6780000,0x00000000e7780000)
 ParOldGen       total 98304K, used 30841K [0x0000000081c00000, 0x0000000087c00000, 0x00000000d5f00000)
  object space 98304K, 31% used [0x0000000081c00000,0x0000000083a1e788,0x0000000087c00000)
 Metaspace       used 56690K, capacity 57768K, committed 57984K, reserved 1099776K
  class space    used 7247K, capacity 7528K, committed 7552K, reserved 1048576K
GC Heap History (10 events):
Event: 111.809 GC heap before
{Heap before GC invocations=16 (full 2):
 PSYoungGen      total 247808K, used 230839K [0x00000000d5f00000, 0x00000000e8900000, 0x0000000100000000)
  eden space 235520K, 92% used [0x00000000d5f00000,0x00000000e3472b38,0x00000000e4500000)
  from space 12288K, 99% used [0x00000000e4500000,0x00000000e50fb350,0x00000000e5100000)
  to   space 17408K, 0% used [0x00000000e7800000,0x00000000e7800000,0x00000000e8900000)
 ParOldGen       total 98304K, used 33549K [0x0000000081c00000, 0x0000000087c00000, 0x00000000d5f00000)
  object space 98304K, 34% used [0x0000000081c00000,0x0000000083cc3728,0x0000000087c00000)
 Metaspace       used 56167K, capacity 56698K, committed 57088K, reserved 1099776K
  class space    used 7176K, capacity 7362K, committed 7424K, reserved 1048576K
Event: 111.831 GC heap after
Heap after GC invocations=16 (full 2):
 PSYoungGen      total 286720K, used 6347K [0x00000000d5f00000, 0x00000000e8800000, 0x0000000100000000)
  eden space 270336K, 0% used [0x00000000d5f00000,0x00000000d5f00000,0x00000000e6700000)
  from space 16384K, 38% used [0x00000000e7800000,0x00000000e7e32fa0,0x00000000e8800000)
  to   space 16896K, 0% used [0x00000000e6700000,0x00000000e6700000,0x00000000e7780000)
 ParOldGen       total 98304K, used 42297K [0x0000000081c00000, 0x0000000087c00000, 0x00000000d5f00000)
  object space 98304K, 43% used [0x0000000081c00000,0x000000008454e7f8,0x0000000087c00000)
 Metaspace       used 56167K, capacity 56698K, committed 57088K, reserved 1099776K
  class space    used 7176K, capacity 7362K, committed 7424K, reserved 1048576K
}
Event: 111.831 GC heap before
{Heap before GC invocations=17 (full 3):
 PSYoungGen      total 286720K, used 6347K [0x00000000d5f00000, 0x00000000e8800000, 0x0000000100000000)
  eden space 270336K, 0% used [0x00000000d5f00000,0x00000000d5f00000,0x00000000e6700000)
  from space 16384K, 38% used [0x00000000e7800000,0x00000000e7e32fa0,0x00000000e8800000)
  to   space 16896K, 0% used [0x00000000e6700000,0x00000000e6700000,0x00000000e7780000)
 ParOldGen       total 98304K, used 42297K [0x0000000081c00000, 0x0000000087c00000, 0x00000000d5f00000)
  object space 98304K, 43% used [0x0000000081c00000,0x000000008454e7f8,0x0000000087c00000)
 Metaspace       used 56167K, capacity 56698K, committed 57088K, reserved 1099776K
  class space    used 7176K, capacity 7362K, committed 7424K, reserved 1048576K
Event: 112.015 GC heap after
Heap after GC invocations=17 (full 3):
 PSYoungGen      total 286720K, used 0K [0x00000000d5f00000, 0x00000000e8800000, 0x0000000100000000)
  eden space 270336K, 0% used [0x00000000d5f00000,0x00000000d5f00000,0x00000000e6700000)
  from space 16384K, 0% used [0x00000000e7800000,0x00000000e7800000,0x00000000e8800000)
  to   space 16896K, 0% used [0x00000000e6700000,0x00000000e6700000,0x00000000e7780000)
 ParOldGen       total 98304K, used 29972K [0x0000000081c00000, 0x0000000087c00000, 0x00000000d5f00000)
  object space 98304K, 30% used [0x0000000081c00000,0x0000000083945160,0x0000000087c00000)
 Metaspace       used 56167K, capacity 56698K, committed 57088K, reserved 1099776K
  class space    used 7176K, capacity 7362K, committed 7424K, reserved 1048576K
}
Event: 134.152 GC heap before
{Heap before GC invocations=18 (full 3):
 PSYoungGen      total 286720K, used 248840K [0x00000000d5f00000, 0x00000000e8800000, 0x0000000100000000)
  eden space 270336K, 92% used [0x00000000d5f00000,0x00000000e52021b0,0x00000000e6700000)
  from space 16384K, 0% used [0x00000000e7800000,0x00000000e7800000,0x00000000e8800000)
  to   space 16896K, 0% used [0x00000000e6700000,0x00000000e6700000,0x00000000e7780000)
 ParOldGen       total 98304K, used 29972K [0x0000000081c00000, 0x0000000087c00000, 0x00000000d5f00000)
  object space 98304K, 30% used [0x0000000081c00000,0x0000000083945160,0x0000000087c00000)
 Metaspace       used 56387K, capacity 57160K, committed 57472K, reserved 1099776K
  class space    used 7202K, capacity 7428K, committed 7552K, reserved 1048576K
Event: 134.159 GC heap after
Heap after GC invocations=18 (full 3):
 PSYoungGen      total 287232K, used 4494K [0x00000000d5f00000, 0x00000000e8800000, 0x0000000100000000)
  eden space 270336K, 0% used [0x00000000d5f00000,0x00000000d5f00000,0x00000000e6700000)
  from space 16896K, 26% used [0x00000000e6700000,0x00000000e6b638f0,0x00000000e7780000)
  to   space 16896K, 0% used [0x00000000e7780000,0x00000000e7780000,0x00000000e8800000)
 ParOldGen       total 98304K, used 29980K [0x0000000081c00000, 0x0000000087c00000, 0x00000000d5f00000)
  object space 98304K, 30% used [0x0000000081c00000,0x0000000083947160,0x0000000087c00000)
 Metaspace       used 56387K, capacity 57160K, committed 57472K, reserved 1099776K
  class space    used 7202K, capacity 7428K, committed 7552K, reserved 1048576K
}
Event: 134.159 GC heap before
{Heap before GC invocations=19 (full 4):
 PSYoungGen      total 287232K, used 4494K [0x00000000d5f00000, 0x00000000e8800000, 0x0000000100000000)
  eden space 270336K, 0% used [0x00000000d5f00000,0x00000000d5f00000,0x00000000e6700000)
  from space 16896K, 26% used [0x00000000e6700000,0x00000000e6b638f0,0x00000000e7780000)
  to   space 16896K, 0% used [0x00000000e7780000,0x00000000e7780000,0x00000000e8800000)
 ParOldGen       total 98304K, used 29980K [0x0000000081c00000, 0x0000000087c00000, 0x00000000d5f00000)
  object space 98304K, 30% used [0x0000000081c00000,0x0000000083947160,0x0000000087c00000)
 Metaspace       used 56387K, capacity 57160K, committed 57472K, reserved 1099776K
  class space    used 7202K, capacity 7428K, committed 7552K, reserved 1048576K
Event: 134.454 GC heap after
Heap after GC invocations=19 (full 4):
 PSYoungGen      total 287232K, used 0K [0x00000000d5f00000, 0x00000000e8800000, 0x0000000100000000)
  eden space 270336K, 0% used [0x00000000d5f00000,0x00000000d5f00000,0x00000000e6700000)
  from space 16896K, 0% used [0x00000000e6700000,0x00000000e6700000,0x00000000e7780000)
  to   space 16896K, 0% used [0x00000000e7780000,0x00000000e7780000,0x00000000e8800000)
 ParOldGen       total 98304K, used 30833K [0x0000000081c00000, 0x0000000087c00000, 0x00000000d5f00000)
  object space 98304K, 31% used [0x0000000081c00000,0x0000000083a1c788,0x0000000087c00000)
 Metaspace       used 56387K, capacity 57160K, committed 57472K, reserved 1099776K
  class space    used 7202K, capacity 7428K, committed 7552K, reserved 1048576K
}
Event: 183.877 GC heap before
{Heap before GC invocations=20 (full 4):
 PSYoungGen      total 287232K, used 270336K [0x00000000d5f00000, 0x00000000e8800000, 0x0000000100000000)
  eden space 270336K, 100% used [0x00000000d5f00000,0x00000000e6700000,0x00000000e6700000)
  from space 16896K, 0% used [0x00000000e6700000,0x00000000e6700000,0x00000000e7780000)
  to   space 16896K, 0% used [0x00000000e7780000,0x00000000e7780000,0x00000000e8800000)
 ParOldGen       total 98304K, used 30833K [0x0000000081c00000, 0x0000000087c00000, 0x00000000d5f00000)
  object space 98304K, 31% used [0x0000000081c00000,0x0000000083a1c788,0x0000000087c00000)
 Metaspace       used 56644K, capacity 57768K, committed 57984K, reserved 1099776K
  class space    used 7246K, capacity 7528K, committed 7552K, reserved 1048576K
Event: 183.884 GC heap after
Heap after GC invocations=20 (full 4):
 PSYoungGen      total 287744K, used 6089K [0x00000000d5f00000, 0x00000000eb700000, 0x0000000100000000)
  eden space 270848K, 0% used [0x00000000d5f00000,0x00000000d5f00000,0x00000000e6780000)
  from space 16896K, 36% used [0x00000000e7780000,0x00000000e7d72770,0x00000000e8800000)
  to   space 16384K, 0% used [0x00000000e6780000,0x00000000e6780000,0x00000000e7780000)
 ParOldGen       total 98304K, used 30841K [0x0000000081c00000, 0x0000000087c00000, 0x00000000d5f00000)
  object space 98304K, 31% used [0x0000000081c00000,0x0000000083a1e788,0x0000000087c00000)
 Metaspace       used 56644K, capacity 57768K, committed 57984K, reserved 1099776K
  class space    used 7246K, capacity 7528K, committed 7552K, reserved 1048576K
}

